<?xml version="1.0" encoding="UTF-8"?>
<!-- Generated by org.testng.reporters.JUnitReportReporter -->
<testsuite hostname="rajkumar-1250" name="com.ebay.mobileAutomation.loginScripts.LoginTestScript" tests="1" failures="0" timestamp="15 Oct 2020 04:22:20 GMT" time="34.467" errors="0">
  <testcase name="login" time="34.467" classname="com.ebay.mobileAutomation.loginScripts.LoginTestScript"/>
</testsuite> <!-- com.ebay.mobileAutomation.loginScripts.LoginTestScript -->
