<?xml version="1.0" encoding="UTF-8"?>
<!-- Generated by org.testng.reporters.JUnitReportReporter -->
<testsuite hostname="rajkumar-1250" name="com.ebay.mobileAutomation.homeScript.HomeTestScript" tests="2" failures="0" timestamp="15 Oct 2020 04:22:20 GMT" time="25.239" errors="0">
  <testcase name="searchItems" time="13.791" classname="com.ebay.mobileAutomation.homeScript.HomeTestScript"/>
  <testcase name="chooseOneItem" time="11.448" classname="com.ebay.mobileAutomation.homeScript.HomeTestScript"/>
</testsuite> <!-- com.ebay.mobileAutomation.homeScript.HomeTestScript -->
